<?xml version="1.0" encoding="UTF-8"?>
<!-- Generated by org.testng.reporters.JUnitReportReporter -->
<testsuite skipped="0" hostname="LAPTOP-FK7QL8FC" name="Sample.parameters2" tests="1" failures="0" timestamp="2022-07-20T10:29:38 IST" time="0.016" errors="0">
  <testcase name="parameters" time="0.016" classname="Sample.parameters2"/>
  <system-out/>
</testsuite> <!-- Sample.parameters2 -->
