<?xml version="1.0" encoding="UTF-8"?>
<!-- Generated by org.testng.reporters.JUnitReportReporter -->
<testsuite skipped="0" hostname="LAPTOP-FK7QL8FC" name="Sample.Smoke_testing" tests="1" failures="0" timestamp="2022-07-20T11:20:29 IST" time="0.015" errors="0">
  <testcase name="smoketesting" time="0.015" classname="Sample.Smoke_testing"/>
  <system-out/>
</testsuite> <!-- Sample.Smoke_testing -->
