<?xml version="1.0" encoding="UTF-8"?>
<!-- Generated by org.testng.reporters.JUnitReportReporter -->
<testsuite skipped="0" hostname="LAPTOP-FK7QL8FC" name="Sample.regersion_testing" tests="1" failures="0" timestamp="2022-07-20T11:23:16 IST" time="0.023" errors="0">
  <testcase name="regresionatesting" time="0.023" classname="Sample.regersion_testing"/>
  <system-out/>
</testsuite> <!-- Sample.regersion_testing -->
